[02:51:21] [ServerMain/INFO]: Environment: Environment[sessionHost=https://sessionserver.mojang.com, servicesHost=https://api.minecraftservices.com, name=PROD]
[02:51:24] [ServerMain/INFO]: Loaded 1290 recipes
[02:51:24] [ServerMain/INFO]: Loaded 1399 advancements
[02:51:25] [Server thread/INFO]: Starting minecraft server version 1.21.1
[02:51:25] [Server thread/INFO]: Loading properties
[02:51:25] [Server thread/INFO]: Default game type: SURVIVAL
[02:51:25] [Server thread/INFO]: Generating keypair
[02:51:25] [Server thread/INFO]: Starting Minecraft server on *:25565
[02:51:25] [Server thread/INFO]: Using epoll channel type
[02:51:25] [Server thread/WARN]: **** SERVER IS RUNNING IN OFFLINE/INSECURE MODE!
[02:51:25] [Server thread/WARN]: The server will make no attempt to authenticate usernames. Beware.
[02:51:25] [Server thread/WARN]: While this makes the game possible to play without internet access, it also opens up the ability for hackers to connect with any username they choose.
[02:51:25] [Server thread/WARN]: To change this, set "online-mode" to "true" in the server.properties file.
[02:51:25] [Server thread/INFO]: Preparing level "world"
[02:51:25] [Server thread/INFO]: Preparing start region for dimension minecraft:overworld
[02:51:27] [Worker-Main-1/INFO]: Preparing spawn area: 0%
[02:51:27] [Worker-Main-1/INFO]: Preparing spawn area: 0%
[02:51:27] [Worker-Main-1/INFO]: Preparing spawn area: 0%
[02:51:27] [Worker-Main-1/INFO]: Preparing spawn area: 0%
[02:51:27] [Worker-Main-1/INFO]: Preparing spawn area: 0%
[02:51:31] [Worker-Main-1/INFO]: Preparing spawn area: 0%
[02:51:31] [Worker-Main-1/INFO]: Preparing spawn area: 0%
[02:51:31] [Worker-Main-1/INFO]: Preparing spawn area: 0%
[02:51:31] [Worker-Main-1/INFO]: Preparing spawn area: 0%
[02:51:31] [Worker-Main-1/INFO]: Preparing spawn area: 0%
[02:51:31] [Worker-Main-1/INFO]: Preparing spawn area: 0%
[02:51:31] [Worker-Main-1/INFO]: Preparing spawn area: 0%
[02:51:31] [Server thread/INFO]: Time elapsed: 6004 ms
[02:51:31] [Server thread/INFO]: Done (6.182s)! For help, type "help"
[02:51:36] [Server thread/INFO]: YoshiHD4K[/100.68.211.54:62942] logged in with entity id 2 at (1.5, 101.0, 18.5)
[02:51:36] [Server thread/INFO]: YoshiHD4K joined the game
[02:54:15] [Server thread/INFO]: Stopping the server
[02:54:15] [Server thread/INFO]: Stopping server
[02:54:15] [Server thread/INFO]: Saving players
[02:54:15] [Server thread/WARN]: Failed to save player data for YoshiHD4K
[02:54:15] [Server thread/INFO]: Saving worlds
[02:54:16] [Server thread/INFO]: Saving chunks for level 'ServerLevel[DIVERSITY 3 v1.6.6 - for 1.14.4]'/minecraft:overworld
[02:54:16] [Server thread/ERROR]: Could not save data eyh@2b36670b
java.nio.file.NoSuchFileException: ./world/data/scoreboard.dat
	at java.base/sun.nio.fs.UnixException.translateToIOException(UnixException.java:92) ~[?:?]
	at java.base/sun.nio.fs.UnixException.rethrowAsIOException(UnixException.java:106) ~[?:?]
	at java.base/sun.nio.fs.UnixException.rethrowAsIOException(UnixException.java:111) ~[?:?]
	at java.base/sun.nio.fs.UnixFileSystemProvider.newByteChannel(UnixFileSystemProvider.java:261) ~[?:?]
	at java.base/java.nio.file.spi.FileSystemProvider.newOutputStream(FileSystemProvider.java:482) ~[?:?]
	at java.base/java.nio.file.Files.newOutputStream(Files.java:228) ~[?:?]
	at uo.a(SourceFile:71) ~[server-1.21.1.jar:?]
	at eql.a(SourceFile:46) ~[server-1.21.1.jar:?]
	at eqz.b(SourceFile:127) ~[server-1.21.1.jar:?]
	at java.base/java.util.HashMap.forEach(HashMap.java:1429) ~[?:?]
	at eqz.a(SourceFile:125) ~[server-1.21.1.jar:?]
	at aqu.av(SourceFile:833) ~[server-1.21.1.jar:?]
	at aqu.a(SourceFile:815) ~[server-1.21.1.jar:?]
	at net.minecraft.server.MinecraftServer.a(SourceFile:556) ~[server-1.21.1.jar:?]
	at net.minecraft.server.MinecraftServer.v(SourceFile:620) ~[server-1.21.1.jar:?]
	at apn.v(SourceFile:561) ~[server-1.21.1.jar:?]
	at net.minecraft.server.MinecraftServer.y(SourceFile:735) ~[server-1.21.1.jar:?]
	at net.minecraft.server.MinecraftServer.a(SourceFile:281) ~[server-1.21.1.jar:?]
	at java.base/java.lang.Thread.run(Thread.java:1583) [?:?]
[02:54:16] [Server thread/ERROR]: Could not save data cok@9c49036
java.nio.file.NoSuchFileException: ./world/data/raids.dat
	at java.base/sun.nio.fs.UnixException.translateToIOException(UnixException.java:92) ~[?:?]
	at java.base/sun.nio.fs.UnixException.rethrowAsIOException(UnixException.java:106) ~[?:?]
	at java.base/sun.nio.fs.UnixException.rethrowAsIOException(UnixException.java:111) ~[?:?]
	at java.base/sun.nio.fs.UnixFileSystemProvider.newByteChannel(UnixFileSystemProvider.java:261) ~[?:?]
	at java.base/java.nio.file.spi.FileSystemProvider.newOutputStream(FileSystemProvider.java:482) ~[?:?]
	at java.base/java.nio.file.Files.newOutputStream(Files.java:228) ~[?:?]
	at uo.a(SourceFile:71) ~[server-1.21.1.jar:?]
	at eql.a(SourceFile:46) ~[server-1.21.1.jar:?]
	at eqz.b(SourceFile:127) ~[server-1.21.1.jar:?]
	at java.base/java.util.HashMap.forEach(HashMap.java:1429) ~[?:?]
	at eqz.a(SourceFile:125) ~[server-1.21.1.jar:?]
	at aqu.av(SourceFile:833) ~[server-1.21.1.jar:?]
	at aqu.a(SourceFile:815) ~[server-1.21.1.jar:?]
	at net.minecraft.server.MinecraftServer.a(SourceFile:556) ~[server-1.21.1.jar:?]
	at net.minecraft.server.MinecraftServer.v(SourceFile:620) ~[server-1.21.1.jar:?]
	at apn.v(SourceFile:561) ~[server-1.21.1.jar:?]
	at net.minecraft.server.MinecraftServer.y(SourceFile:735) ~[server-1.21.1.jar:?]
	at net.minecraft.server.MinecraftServer.a(SourceFile:281) ~[server-1.21.1.jar:?]
	at java.base/java.lang.Thread.run(Thread.java:1583) [?:?]
[02:54:17] [Server thread/INFO]: Saving chunks for level 'ServerLevel[DIVERSITY 3 v1.6.6 - for 1.14.4]'/minecraft:the_nether
[02:54:17] [Server thread/ERROR]: Could not save data cok@e4b8042
java.nio.file.NoSuchFileException: ./world/DIM-1/data/raids.dat
	at java.base/sun.nio.fs.UnixException.translateToIOException(UnixException.java:92) ~[?:?]
	at java.base/sun.nio.fs.UnixException.rethrowAsIOException(UnixException.java:106) ~[?:?]
	at java.base/sun.nio.fs.UnixException.rethrowAsIOException(UnixException.java:111) ~[?:?]
	at java.base/sun.nio.fs.UnixFileSystemProvider.newByteChannel(UnixFileSystemProvider.java:261) ~[?:?]
	at java.base/java.nio.file.spi.FileSystemProvider.newOutputStream(FileSystemProvider.java:482) ~[?:?]
	at java.base/java.nio.file.Files.newOutputStream(Files.java:228) ~[?:?]
	at uo.a(SourceFile:71) ~[server-1.21.1.jar:?]
	at eql.a(SourceFile:46) ~[server-1.21.1.jar:?]
	at eqz.b(SourceFile:127) ~[server-1.21.1.jar:?]
	at java.base/java.util.HashMap.forEach(HashMap.java:1429) ~[?:?]
	at eqz.a(SourceFile:125) ~[server-1.21.1.jar:?]
	at aqu.av(SourceFile:833) ~[server-1.21.1.jar:?]
	at aqu.a(SourceFile:815) ~[server-1.21.1.jar:?]
	at net.minecraft.server.MinecraftServer.a(SourceFile:556) ~[server-1.21.1.jar:?]
	at net.minecraft.server.MinecraftServer.v(SourceFile:620) ~[server-1.21.1.jar:?]
	at apn.v(SourceFile:561) ~[server-1.21.1.jar:?]
	at net.minecraft.server.MinecraftServer.y(SourceFile:735) ~[server-1.21.1.jar:?]
	at net.minecraft.server.MinecraftServer.a(SourceFile:281) ~[server-1.21.1.jar:?]
	at java.base/java.lang.Thread.run(Thread.java:1583) [?:?]
[02:54:17] [Server thread/INFO]: Saving chunks for level 'ServerLevel[DIVERSITY 3 v1.6.6 - for 1.14.4]'/minecraft:the_end
[02:54:17] [Server thread/ERROR]: Could not save data cok@397aa157
java.nio.file.NoSuchFileException: ./world/DIM1/data/raids_end.dat
	at java.base/sun.nio.fs.UnixException.translateToIOException(UnixException.java:92) ~[?:?]
	at java.base/sun.nio.fs.UnixException.rethrowAsIOException(UnixException.java:106) ~[?:?]
	at java.base/sun.nio.fs.UnixException.rethrowAsIOException(UnixException.java:111) ~[?:?]
	at java.base/sun.nio.fs.UnixFileSystemProvider.newByteChannel(UnixFileSystemProvider.java:261) ~[?:?]
	at java.base/java.nio.file.spi.FileSystemProvider.newOutputStream(FileSystemProvider.java:482) ~[?:?]
	at java.base/java.nio.file.Files.newOutputStream(Files.java:228) ~[?:?]
	at uo.a(SourceFile:71) ~[server-1.21.1.jar:?]
	at eql.a(SourceFile:46) ~[server-1.21.1.jar:?]
	at eqz.b(SourceFile:127) ~[server-1.21.1.jar:?]
	at java.base/java.util.HashMap.forEach(HashMap.java:1429) ~[?:?]
	at eqz.a(SourceFile:125) ~[server-1.21.1.jar:?]
	at aqu.av(SourceFile:833) ~[server-1.21.1.jar:?]
	at aqu.a(SourceFile:815) ~[server-1.21.1.jar:?]
	at net.minecraft.server.MinecraftServer.a(SourceFile:556) ~[server-1.21.1.jar:?]
	at net.minecraft.server.MinecraftServer.v(SourceFile:620) ~[server-1.21.1.jar:?]
	at apn.v(SourceFile:561) ~[server-1.21.1.jar:?]
	at net.minecraft.server.MinecraftServer.y(SourceFile:735) ~[server-1.21.1.jar:?]
	at net.minecraft.server.MinecraftServer.a(SourceFile:281) ~[server-1.21.1.jar:?]
	at java.base/java.lang.Thread.run(Thread.java:1583) [?:?]
[02:54:17] [Server thread/INFO]: ThreadedAnvilChunkStorage (world): All chunks are saved
[02:54:17] [Server thread/INFO]: ThreadedAnvilChunkStorage (DIM-1): All chunks are saved
[02:54:17] [Server thread/INFO]: ThreadedAnvilChunkStorage (DIM1): All chunks are saved
[02:54:17] [Server thread/INFO]: ThreadedAnvilChunkStorage: All dimensions are saved
